<?xml version="1.0" encoding="UTF-8"?>
<!-- Generated by org.testng.reporters.JUnitXMLReporter -->
<testsuite ignored="2" hostname="DESKTOP-L9U8SE4" failures="0" tests="6" name="Test" time="0.16" errors="0" timestamp="2023-06-28T15:07:36 IST">
  <testcase classname="PageTest.BaseTest" name="@BeforeSuite initBrowser" time="1.076">
    <failure type="java.lang.IllegalStateException" message="The path to the driver executable Unable to locate the chromedriver executable; for more information on how to install drivers, see https://www.selenium.dev/documentation/webdriver/getting_started/install_drivers/">
      <![CDATA[java.lang.IllegalStateException: The path to the driver executable Unable to locate the chromedriver executable; for more information on how to install drivers, see https://www.selenium.dev/documentation/webdriver/getting_started/install_drivers/
at org.openqa.selenium.internal.Require$StateChecker.nonNull(Require.java:314)
at org.openqa.selenium.remote.service.DriverFinder.getPath(DriverFinder.java:34)
at org.openqa.selenium.chrome.ChromeDriver.generateExecutor(ChromeDriver.java:98)
at org.openqa.selenium.chrome.ChromeDriver.<init>(ChromeDriver.java:88)
at org.openqa.selenium.chrome.ChromeDriver.<init>(ChromeDriver.java:84)
at org.openqa.selenium.chrome.ChromeDriver.<init>(ChromeDriver.java:52)
at PageTest.BaseTest.initBrowser(BaseTest.java:21)
... Removed 17 stack frames]]>
    </failure>
  </testcase> <!-- @BeforeSuite initBrowser -->
  <testcase classname="PageTest.BaseTest" name="@BeforeClass createObject" time="0.0">
    <skipped/>
  </testcase> <!-- @BeforeClass createObject -->
  <testcase classname="PageTest.BaseTest" name="@BeforeClass createObject" time="0.0">
    <skipped/>
  </testcase> <!-- @BeforeClass createObject -->
  <testcase classname="PageTest.HomeTest" name="validateTitle" time="0.0">
    <skipped/>
  </testcase> <!-- validateTitle -->
  <testcase classname="PageTest.HomeTest" name="navToSingleMalt" time="0.0">
    <skipped/>
  </testcase> <!-- navToSingleMalt -->
  <testcase classname="PageTest.ProductTest" name="validateFilter" time="0.0">
    <skipped/>
  </testcase> <!-- validateFilter -->
  <testcase classname="PageTest.ProductTest" name="resetFilterValidation" time="0.0">
    <skipped/>
  </testcase> <!-- resetFilterValidation -->
  <testcase classname="PageTest.ProductTest" name="sortingFilter" time="0.0">
    <skipped/>
  </testcase> <!-- sortingFilter -->
  <testcase classname="PageTest.ProductTest" name="navToProduct" time="0.0">
    <skipped/>
  </testcase> <!-- navToProduct -->
  <testcase classname="PageTest.BaseTest" name="@AfterSuite tearDown" time="0.0">
    <ignored/>
  </testcase> <!-- @AfterSuite tearDown -->
  <testcase classname="PageTest.BaseTest" name="@BeforeSuite initBrowser" time="0.0">
    <ignored/>
  </testcase> <!-- @BeforeSuite initBrowser -->
</testsuite> <!-- Test -->
